{
  "RSpec": {
    "coverage": {
      "/Users/marcus/Desktop/Projects/ruby_gilded_rose/spec/gilded_rose_spec.rb": [
        1,
        null,
        1,
        14,
        14,
        null,
        null,
        null,
        null,
        null,
        null,
        null,
        1,
        1,
        null,
        null,
        1,
        1,
        1,
        1,
        null,
        null,
        1,
        1,
        1,
        null,
        null,
        1,
        1,
        1,
        null,
        null,
        1,
        1,
        1,
        null,
        null,
        1,
        7,
        1,
        null,
        null,
        1,
        1,
        1,
        null,
        null,
        1,
        52,
        1,
        null,
        null,
        1,
        1,
        1,
        null,
        null,
        1,
        1,
        1,
        null,
        null,
        1,
        1,
        1,
        null,
        null,
        1,
        1,
        1,
        null,
        null,
        1,
        7,
        1,
        null,
        null,
        null
      ],
      "/Users/marcus/Desktop/Projects/ruby_gilded_rose/lib/gilded_rose.rb": [
        1,
        null,
        1,
        null,
        1,
        1,
        1,
        1,
        null,
        1,
        13,
        null,
        null,
        1,
        72,
        null,
        504,
        216,
        114,
        42,
        null,
        null,
        null,
        288,
        241,
        241,
        194,
        170,
        166,
        null,
        null,
        194,
        141,
        138,
        null,
        null,
        null,
        null,
        null,
        504,
        432,
        null,
        null,
        504,
        295,
        238,
        113,
        15,
        15,
        null,
        null,
        null,
        125,
        null,
        null,
        57,
        32,
        null,
        null,
        null,
        null,
        null,
        null,
        null
      ],
      "/Users/marcus/Desktop/Projects/ruby_gilded_rose/lib/item.rb": [
        1,
        1,
        null,
        1,
        95,
        95,
        95,
        null,
        null,
        1,
        1,
        null,
        null
      ],
      "/Users/marcus/Desktop/Projects/ruby_gilded_rose/spec/item_spec.rb": [
        1,
        null,
        1,
        5,
        null,
        1,
        1,
        null,
        null,
        1,
        1,
        null,
        null,
        1,
        1,
        null,
        null,
        1,
        null,
        1,
        1,
        null,
        null,
        null,
        null
      ]
    },
    "timestamp": 1509465194
  }
}
